<?xml version="1.0" encoding="UTF-8"?>
<!-- Generated by org.testng.reporters.JUnitReportReporter -->
<testsuite hostname="PUN-2CBXJC2" name="TestNGPrograms.TestDependsOnMethods" tests="3" failures="0" timestamp="3 Feb 2018 17:58:46 GMT" time="0.022" errors="0">
  <testcase name="yogesh" time="0.003" classname="TestNGPrograms.TestDependsOnMethods"/>
  <testcase name="ganesh" time="0.002" classname="TestNGPrograms.TestDependsOnMethods"/>
  <testcase name="shri" time="0.017" classname="TestNGPrograms.TestDependsOnMethods"/>
</testsuite> <!-- TestNGPrograms.TestDependsOnMethods -->
