<?xml version="1.0" encoding="UTF-8"?>
<!-- Generated by org.testng.reporters.JUnitReportReporter -->
<testsuite hostname="PUN-2CBXJC2" name="SeleniumPrograms.DataProviders" tests="3" failures="0" timestamp="10 Feb 2018 03:49:51 GMT" time="0.014" errors="0">
  <testcase name="test" time="0.012" classname="SeleniumPrograms.DataProviders"/>
  <testcase name="test" time="0.001" classname="SeleniumPrograms.DataProviders"/>
  <testcase name="test" time="0.001" classname="SeleniumPrograms.DataProviders"/>
</testsuite> <!-- SeleniumPrograms.DataProviders -->
